<?xml version="1.0" encoding="UTF-8"?>
<!-- Generated by org.testng.reporters.JUnitReportReporter -->
<testsuite hostname="DESKTOP-6PEP02S" failures="0" tests="1" name="com.inetbanking.testcases.LoginTC_002" time="87.764" errors="0" timestamp="2023-08-01T12:06:48 IST" skipped="0">
  <testcase classname="com.inetbanking.testcases.LoginTC_002" name="verifyLoginFunctionalityTC_001" time="87.764"/>
</testsuite> <!-- com.inetbanking.testcases.LoginTC_002 -->
